Loading pytorch-gpu/py3/2.7.0
  Loading requirement: gcc/11.4.1 cuda/12.6.3 nccl/2.25.1-1-cuda
    cudnn/9.5.1.17-cuda openmpi/4.1.6-cuda intel-oneapi-mkl/2024.1
    magma/2.9.0-cuda sox/14.4.2 ffmpeg/6.1.1 hdf5/1.12.0-mpi-cuda
    libjpeg-turbo/2.1.3 graphviz/2.49.0
+ srun python dimresnet.py -b 64 --lr 0.8 -e 1 -n 24 --drop-last
DimResnet
==============
Batch size :  64
Learning rate :  0.8
Num workers :  24
Epoch :  1
Checkpoint :  False
Drop Last :  True
Momentum : 0.9
Weight Decay  0.0
Profile :  False
==============
model: resnet50
number of parameters: 25557032
compile_fx.py:236: UserWarning: TensorFloat32 tensor cores for float32 matrix multiplication available but not enabled. Consider setting `torch.set_float32_matmul_precision('high')` for better performance.
  warnings.warn(
Epoch: [1/1], Loss: 6.4544, Epoch time: 683.101513
=> Test set: Accuracy: 0.69%
Eval time:  44.37769014574587
Train time :727.4799 seconds
